\BOOKMARK [1][-]{section.1}{Introduction}{}% 1
\BOOKMARK [2][-]{subsection.1.1}{What Is This Project About?}{section.1}% 2
\BOOKMARK [2][-]{subsection.1.2}{Why Does This Matter?}{section.1}% 3
\BOOKMARK [1][-]{section.2}{The Dataset}{}% 4
\BOOKMARK [2][-]{subsection.2.1}{Source}{section.2}% 5
\BOOKMARK [2][-]{subsection.2.2}{Size and Shape}{section.2}% 6
\BOOKMARK [2][-]{subsection.2.3}{Columns}{section.2}% 7
\BOOKMARK [2][-]{subsection.2.4}{Per-User Play Counts}{section.2}% 8
\BOOKMARK [2][-]{subsection.2.5}{A Peek at the Raw Data}{section.2}% 9
\BOOKMARK [1][-]{section.3}{High-Level Pipeline Overview}{}% 10
\BOOKMARK [1][-]{section.4}{Step 1 \204 Feature Engineering}{}% 11
\BOOKMARK [2][-]{subsection.4.1}{What Is Feature Engineering?}{section.4}% 12
\BOOKMARK [2][-]{subsection.4.2}{Combining Date and Time}{section.4}% 13
\BOOKMARK [2][-]{subsection.4.3}{Extracting the Hour}{section.4}% 14
\BOOKMARK [2][-]{subsection.4.4}{Time Period Bins}{section.4}% 15
\BOOKMARK [2][-]{subsection.4.5}{Day of the Week and Weekend Flag}{section.4}% 16
\BOOKMARK [2][-]{subsection.4.6}{Summary of Engineered Features}{section.4}% 17
\BOOKMARK [1][-]{section.5}{Step 2 \204 Aggregating to a Daily Time Series}{}% 18
\BOOKMARK [2][-]{subsection.5.1}{Why Aggregate?}{section.5}% 19
\BOOKMARK [2][-]{subsection.5.2}{Choosing a User}{section.5}% 20
\BOOKMARK [2][-]{subsection.5.3}{Code}{section.5}% 21
\BOOKMARK [2][-]{subsection.5.4}{What Each Line Does}{section.5}% 22
\BOOKMARK [1][-]{section.6}{Step 3 \204 Stationarity, Decomposition, and ACF/PACF}{}% 23
\BOOKMARK [2][-]{subsection.6.1}{What Is a Time Series?}{section.6}% 24
\BOOKMARK [2][-]{subsection.6.2}{Stationarity and the ADF Test}{section.6}% 25
\BOOKMARK [3][-]{subsubsection.6.2.1}{What Is Stationarity?}{subsection.6.2}% 26
\BOOKMARK [3][-]{subsubsection.6.2.2}{Augmented Dickey\205Fuller \(ADF\) Test}{subsection.6.2}% 27
\BOOKMARK [3][-]{subsubsection.6.2.3}{Differencing}{subsection.6.2}% 28
\BOOKMARK [2][-]{subsection.6.3}{Seasonal Decomposition}{section.6}% 29
\BOOKMARK [2][-]{subsection.6.4}{ACF and PACF Plots}{section.6}% 30
\BOOKMARK [3][-]{subsubsection.6.4.1}{Autocorrelation Function \(ACF\)}{subsection.6.4}% 31
\BOOKMARK [3][-]{subsubsection.6.4.2}{Partial Autocorrelation Function \(PACF\)}{subsection.6.4}% 32
\BOOKMARK [3][-]{subsubsection.6.4.3}{How to Read ACF/PACF}{subsection.6.4}% 33
\BOOKMARK [2][-]{subsection.6.5}{SARIMA Model}{section.6}% 34
\BOOKMARK [3][-]{subsubsection.6.5.1}{What Is ARIMA?}{subsection.6.5}% 35
\BOOKMARK [3][-]{subsubsection.6.5.2}{Adding Seasonality: SARIMA}{subsection.6.5}% 36
\BOOKMARK [1][-]{section.7}{Step 4 \204 SARIMA Forecasting and Evaluation}{}% 37
\BOOKMARK [2][-]{subsection.7.1}{Train/Test Split \(Temporal\)}{section.7}% 38
\BOOKMARK [2][-]{subsection.7.2}{Evaluation Metric: MAE}{section.7}% 39
\BOOKMARK [2][-]{subsection.7.3}{Forecasting and Plotting}{section.7}% 40
\BOOKMARK [1][-]{section.8}{Concepts Glossary}{}% 41
\BOOKMARK [1][-]{section.9}{Libraries and Tools Used}{}% 42
\BOOKMARK [1][-]{section.10}{Project File Structure}{}% 43
\BOOKMARK [1][-]{section.11}{Putting It All Together \204 End-to-End Walkthrough}{}% 44
\BOOKMARK [1][-]{section.12}{Potential Improvements}{}% 45
\BOOKMARK [1][-]{section.13}{Conclusion}{}% 46
